#
# There is insufficient memory for the Java Runtime Environment to continue.
# Native memory allocation (mmap) failed to map 130023424 bytes for committing reserved memory.
# Possible reasons:
#   The system is out of physical RAM or swap space
#   The process is running with CompressedOops enabled, and the Java Heap may be blocking the growth of the native heap
# Possible solutions:
#   Reduce memory load on the system
#   Increase physical memory or swap space
#   Check if swap backing store is full
#   Decrease Java heap size (-Xmx/-Xms)
#   Decrease number of Java threads
#   Decrease Java thread stack sizes (-Xss)
#   Set larger code cache with -XX:ReservedCodeCacheSize=
# This output file may be truncated or incomplete.
#
#  Out of Memory Error (os_linux.cpp:2718), pid=21930, tid=21931
#
# JRE version:  (11.0.2+9) (build )
# Java VM: OpenJDK 64-Bit Server VM (11.0.2+9-b159.56, mixed mode, aot, sharing, tiered, compressed oops, g1 gc, linux-amd64)
# Core dump will be written. Default location: Core dumps may be processed with "/usr/share/apport/apport %p %s %c %d %P" (or dumping to /home/aleksey/IdeaProjects/mail/core.21930)
#

---------------  S U M M A R Y ------------

Command Line: -XX:TieredStopAtLevel=1 -Xverify:none -Dspring.output.ansi.enabled=always -Dcom.sun.management.jmxremote -Dspring.jmx.enabled=true -Dspring.liveBeansView.mbeanDomain -Dspring.application.admin.enabled=true -javaagent:/home/aleksey/application/idea/lib/idea_rt.jar=42287:/home/aleksey/application/idea/bin -Dfile.encoding=UTF-8 com.example.mail.MailApplication

Host: Intel(R) Core(TM) i3-3217U CPU @ 1.80GHz, 4 cores, 7G, Ubuntu 18.04.2 LTS
Time: Thu May 23 13:50:09 2019 MSK elapsed time: 0 seconds (0d 0h 0m 0s)

---------------  T H R E A D  ---------------

Current thread (0x00007f33e4016000):  JavaThread "Unknown thread" [_thread_in_vm, id=21931, stack(0x00007f33eb6ea000,0x00007f33eb7eb000)]

Stack: [0x00007f33eb6ea000,0x00007f33eb7eb000],  sp=0x00007f33eb7e9200,  free space=1020k
Native frames: (J=compiled Java code, A=aot compiled Java code, j=interpreted, Vv=VM code, C=native code)
V  [libjvm.so+0xd8bbba]  VMError::report_and_die(int, char const*, char const*, __va_list_tag*, Thread*, unsigned char*, void*, void*, char const*, int, unsigned long)+0x18a
V  [libjvm.so+0xd8ca53]  VMError::report_and_die(Thread*, char const*, int, unsigned long, VMErrorType, char const*, __va_list_tag*)+0x43
V  [libjvm.so+0x69f978]  report_vm_out_of_memory(char const*, int, unsigned long, VMErrorType, char const*, ...)+0xe8
V  [libjvm.so+0xb92879]  os::pd_commit_memory_or_exit(char*, unsigned long, unsigned long, bool, char const*)+0xe9
V  [libjvm.so+0xb8a3ad]  os::commit_memory_or_exit(char*, unsigned long, unsigned long, bool, char const*)+0x1d
V  [libjvm.so+0x7991d1]  G1PageBasedVirtualSpace::commit_preferred_pages(unsigned long, unsigned long)+0x71
V  [libjvm.so+0x799325]  G1PageBasedVirtualSpace::commit_internal(unsigned long, unsigned long)+0x85
V  [libjvm.so+0x79951a]  G1PageBasedVirtualSpace::commit(unsigned long, unsigned long)+0x10a
V  [libjvm.so+0x79f066]  G1RegionsLargerThanCommitSizeMapper::commit_regions(unsigned int, unsigned long, WorkGang*)+0x46
V  [libjvm.so+0x807588]  HeapRegionManager::commit_regions(unsigned int, unsigned long, WorkGang*)+0x88
V  [libjvm.so+0x8080e4]  HeapRegionManager::make_regions_available(unsigned int, unsigned int, WorkGang*)+0x34
V  [libjvm.so+0x80847e]  HeapRegionManager::expand_at(unsigned int, unsigned int, WorkGang*) [clone .part.146]+0x7e
V  [libjvm.so+0x769a30]  G1CollectedHeap::expand(unsigned long, WorkGang*, double*)+0xc0
V  [libjvm.so+0x76a135]  G1CollectedHeap::initialize()+0x6a5
V  [libjvm.so+0xd4f551]  Universe::initialize_heap()+0x41
V  [libjvm.so+0xd4f801]  universe_init()+0x41
V  [libjvm.so+0x81d82f]  init_globals()+0x5f
V  [libjvm.so+0xd2ce6c]  Threads::create_vm(JavaVMInitArgs*, bool*)+0x3dc
V  [libjvm.so+0x8c4cdc]  JNI_CreateJavaVM+0x5c
C  [libjli.so+0x4814]  JavaMain+0x84


---------------  P R O C E S S  ---------------

Threads class SMR info:
_java_thread_list=0x0000000001b74d90, length=0, elements={
}

Java Threads: ( => current thread )

Other Threads:
  0x00007f33e402c000 GCTaskThread "GC Thread#0" [stack: 0x00007f33d1228000,0x00007f33d1328000] [id=21932]
  0x00007f33e405d000 ConcurrentGCThread "G1 Main Marker" [stack: 0x00007f33d0197000,0x00007f33d0297000] [id=21933]
  0x00007f33e405f000 ConcurrentGCThread "G1 Conc#0" [stack: 0x00007f33d0095000,0x00007f33d0195000] [id=21934]

[error occurred during error reporting (printing all threads), id 0xb, SIGSEGV (0xb) at pc=0x00007f33e9d210c5]

VM state:not at safepoint (not fully initialized)

VM Mutex/Monitor currently owned by a thread:  ([mutex/lock_event])
[0x00007f33e4012980] Heap_lock - owner thread: 0x00007f33e4016000

Heap address: 0x0000000084e00000, size: 1970 MB, Compressed Oops mode: Non-zero based: 0x0000000084e00000
Narrow klass base: 0x0000000000000000, Narrow klass shift: 0

GC Heap History (0 events):
No events

Deoptimization events (0 events):
No events

Classes redefined (0 events):
No events

Internal exceptions (0 events):
No events

Events (0 events):
No events


Dynamic libraries:
00400000-00401000 r-xp 00000000 fd:00 1185632                            /home/aleksey/application/idea/jre64/bin/java
00601000-00602000 r--p 00001000 fd:00 1185632                            /home/aleksey/application/idea/jre64/bin/java
00602000-00603000 rw-p 00002000 fd:00 1185632                            /home/aleksey/application/idea/jre64/bin/java
01b5a000-01b7b000 rw-p 00000000 00:00 0                                  [heap]
8ca00000-100000000 ---p 00000000 00:00 0 
7f33bc000000-7f33bc021000 rw-p 00000000 00:00 0 
7f33bc021000-7f33c0000000 ---p 00000000 00:00 0 
7f33c1a7a000-7f33c4000000 rw-p 00000000 00:00 0 
7f33c4000000-7f33c4021000 rw-p 00000000 00:00 0 
7f33c4021000-7f33c8000000 ---p 00000000 00:00 0 
7f33c806e000-7f33c8270000 rw-p 00000000 00:00 0 
7f33c8270000-7f33cc000000 ---p 00000000 00:00 0 
7f33cc000000-7f33cc021000 rw-p 00000000 00:00 0 
7f33cc021000-7f33d0000000 ---p 00000000 00:00 0 
7f33d0093000-7f33d0094000 ---p 00000000 00:00 0 
7f33d0094000-7f33d0195000 rw-p 00000000 00:00 0 
7f33d0195000-7f33d0196000 ---p 00000000 00:00 0 
7f33d0196000-7f33d0297000 rw-p 00000000 00:00 0 
7f33d0297000-7f33d0e22000 ---p 00000000 00:00 0 
7f33d0e22000-7f33d1226000 rw-p 00000000 00:00 0 
7f33d1226000-7f33d1227000 ---p 00000000 00:00 0 
7f33d1227000-7f33d132d000 rw-p 00000000 00:00 0 
7f33d132d000-7f33d14fb000 ---p 00000000 00:00 0 
7f33d14fb000-7f33d176b000 rwxp 00000000 00:00 0 
7f33d176b000-7f33d1ba2000 ---p 00000000 00:00 0 
7f33d1ba2000-7f33d1e12000 rwxp 00000000 00:00 0 
7f33d1e12000-7f33e04fb000 ---p 00000000 00:00 0 
7f33e04fb000-7f33e37c5000 r--s 00000000 fd:00 921216                     /home/aleksey/application/idea/jre64/lib/modules
7f33e37c5000-7f33e37ca000 r-xp 00000000 fd:00 921195                     /home/aleksey/application/idea/jre64/lib/libjimage.so
7f33e37ca000-7f33e39ca000 ---p 00005000 fd:00 921195                     /home/aleksey/application/idea/jre64/lib/libjimage.so
7f33e39ca000-7f33e39cb000 r--p 00005000 fd:00 921195                     /home/aleksey/application/idea/jre64/lib/libjimage.so
7f33e39cb000-7f33e39cc000 rw-p 00006000 fd:00 921195                     /home/aleksey/application/idea/jre64/lib/libjimage.so
7f33e39cc000-7f33e39d3000 r-xp 00000000 fd:00 921215                     /home/aleksey/application/idea/jre64/lib/libzip.so
7f33e39d3000-7f33e3bd2000 ---p 00007000 fd:00 921215                     /home/aleksey/application/idea/jre64/lib/libzip.so
7f33e3bd2000-7f33e3bd3000 r--p 00006000 fd:00 921215                     /home/aleksey/application/idea/jre64/lib/libzip.so
7f33e3bd3000-7f33e3bd4000 rw-p 00007000 fd:00 921215                     /home/aleksey/application/idea/jre64/lib/libzip.so
7f33e3bd4000-7f33e3bdf000 r-xp 00000000 fd:00 2626843                    /lib/x86_64-linux-gnu/libnss_files-2.27.so
7f33e3bdf000-7f33e3dde000 ---p 0000b000 fd:00 2626843                    /lib/x86_64-linux-gnu/libnss_files-2.27.so
7f33e3dde000-7f33e3ddf000 r--p 0000a000 fd:00 2626843                    /lib/x86_64-linux-gnu/libnss_files-2.27.so
7f33e3ddf000-7f33e3de0000 rw-p 0000b000 fd:00 2626843                    /lib/x86_64-linux-gnu/libnss_files-2.27.so
7f33e3de0000-7f33e3de6000 rw-p 00000000 00:00 0 
7f33e3de6000-7f33e3dfd000 r-xp 00000000 fd:00 2626837                    /lib/x86_64-linux-gnu/libnsl-2.27.so
7f33e3dfd000-7f33e3ffc000 ---p 00017000 fd:00 2626837                    /lib/x86_64-linux-gnu/libnsl-2.27.so
7f33e3ffc000-7f33e3ffd000 r--p 00016000 fd:00 2626837                    /lib/x86_64-linux-gnu/libnsl-2.27.so
7f33e3ffd000-7f33e3ffe000 rw-p 00017000 fd:00 2626837                    /lib/x86_64-linux-gnu/libnsl-2.27.so
7f33e3ffe000-7f33e4000000 rw-p 00000000 00:00 0 
7f33e4000000-7f33e407c000 rw-p 00000000 00:00 0 
7f33e407c000-7f33e8000000 ---p 00000000 00:00 0 
7f33e8001000-7f33e800c000 r-xp 00000000 fd:00 2626854                    /lib/x86_64-linux-gnu/libnss_nis-2.27.so
7f33e800c000-7f33e820b000 ---p 0000b000 fd:00 2626854                    /lib/x86_64-linux-gnu/libnss_nis-2.27.so
7f33e820b000-7f33e820c000 r--p 0000a000 fd:00 2626854                    /lib/x86_64-linux-gnu/libnss_nis-2.27.so
7f33e820c000-7f33e820d000 rw-p 0000b000 fd:00 2626854                    /lib/x86_64-linux-gnu/libnss_nis-2.27.so
7f33e820d000-7f33e8215000 r-xp 00000000 fd:00 2626839                    /lib/x86_64-linux-gnu/libnss_compat-2.27.so
7f33e8215000-7f33e8415000 ---p 00008000 fd:00 2626839                    /lib/x86_64-linux-gnu/libnss_compat-2.27.so
7f33e8415000-7f33e8416000 r--p 00008000 fd:00 2626839                    /lib/x86_64-linux-gnu/libnss_compat-2.27.so
7f33e8416000-7f33e8417000 rw-p 00009000 fd:00 2626839                    /lib/x86_64-linux-gnu/libnss_compat-2.27.so
7f33e8417000-7f33e8421000 r-xp 00000000 fd:00 921180                     /home/aleksey/application/idea/jre64/lib/libinstrument.so
7f33e8421000-7f33e8620000 ---p 0000a000 fd:00 921180                     /home/aleksey/application/idea/jre64/lib/libinstrument.so
7f33e8620000-7f33e8621000 r--p 00009000 fd:00 921180                     /home/aleksey/application/idea/jre64/lib/libinstrument.so
7f33e8621000-7f33e8622000 rw-p 0000a000 fd:00 921180                     /home/aleksey/application/idea/jre64/lib/libinstrument.so
7f33e8622000-7f33e864b000 r-xp 00000000 fd:00 921185                     /home/aleksey/application/idea/jre64/lib/libjava.so
7f33e864b000-7f33e884a000 ---p 00029000 fd:00 921185                     /home/aleksey/application/idea/jre64/lib/libjava.so
7f33e884a000-7f33e884b000 r--p 00028000 fd:00 921185                     /home/aleksey/application/idea/jre64/lib/libjava.so
7f33e884b000-7f33e884d000 rw-p 00029000 fd:00 921185                     /home/aleksey/application/idea/jre64/lib/libjava.so
7f33e884d000-7f33e885a000 r-xp 00000000 fd:00 921214                     /home/aleksey/application/idea/jre64/lib/libverify.so
7f33e885a000-7f33e8a59000 ---p 0000d000 fd:00 921214                     /home/aleksey/application/idea/jre64/lib/libverify.so
7f33e8a59000-7f33e8a5b000 r--p 0000c000 fd:00 921214                     /home/aleksey/application/idea/jre64/lib/libverify.so
7f33e8a5b000-7f33e8a5c000 rw-p 0000e000 fd:00 921214                     /home/aleksey/application/idea/jre64/lib/libverify.so
7f33e8a5c000-7f33e8a63000 r-xp 00000000 fd:00 2626894                    /lib/x86_64-linux-gnu/librt-2.27.so
7f33e8a63000-7f33e8c62000 ---p 00007000 fd:00 2626894                    /lib/x86_64-linux-gnu/librt-2.27.so
7f33e8c62000-7f33e8c63000 r--p 00006000 fd:00 2626894                    /lib/x86_64-linux-gnu/librt-2.27.so
7f33e8c63000-7f33e8c64000 rw-p 00007000 fd:00 2626894                    /lib/x86_64-linux-gnu/librt-2.27.so
7f33e8c64000-7f33e8c7b000 r-xp 00000000 fd:00 2621446                    /lib/x86_64-linux-gnu/libgcc_s.so.1
7f33e8c7b000-7f33e8e7a000 ---p 00017000 fd:00 2621446                    /lib/x86_64-linux-gnu/libgcc_s.so.1
7f33e8e7a000-7f33e8e7b000 r--p 00016000 fd:00 2621446                    /lib/x86_64-linux-gnu/libgcc_s.so.1
7f33e8e7b000-7f33e8e7c000 rw-p 00017000 fd:00 2621446                    /lib/x86_64-linux-gnu/libgcc_s.so.1
7f33e8e7c000-7f33e9019000 r-xp 00000000 fd:00 2626816                    /lib/x86_64-linux-gnu/libm-2.27.so
7f33e9019000-7f33e9218000 ---p 0019d000 fd:00 2626816                    /lib/x86_64-linux-gnu/libm-2.27.so
7f33e9218000-7f33e9219000 r--p 0019c000 fd:00 2626816                    /lib/x86_64-linux-gnu/libm-2.27.so
7f33e9219000-7f33e921a000 rw-p 0019d000 fd:00 2626816                    /lib/x86_64-linux-gnu/libm-2.27.so
7f33e921a000-7f33e9393000 r-xp 00000000 fd:00 3015244                    /usr/lib/x86_64-linux-gnu/libstdc++.so.6.0.25
7f33e9393000-7f33e9593000 ---p 00179000 fd:00 3015244                    /usr/lib/x86_64-linux-gnu/libstdc++.so.6.0.25
7f33e9593000-7f33e959d000 r--p 00179000 fd:00 3015244                    /usr/lib/x86_64-linux-gnu/libstdc++.so.6.0.25
7f33e959d000-7f33e959f000 rw-p 00183000 fd:00 3015244                    /usr/lib/x86_64-linux-gnu/libstdc++.so.6.0.25
7f33e959f000-7f33e95a3000 rw-p 00000000 00:00 0 
7f33e95a3000-7f33ea63b000 r-xp 00000000 fd:00 1185629                    /home/aleksey/application/idea/jre64/lib/server/libjvm.so
7f33ea63b000-7f33ea83b000 ---p 01098000 fd:00 1185629                    /home/aleksey/application/idea/jre64/lib/server/libjvm.so
7f33ea83b000-7f33ea909000 r--p 01098000 fd:00 1185629                    /home/aleksey/application/idea/jre64/lib/server/libjvm.so
7f33ea909000-7f33ea943000 rw-p 01166000 fd:00 1185629                    /home/aleksey/application/idea/jre64/lib/server/libjvm.so
7f33ea943000-7f33ea99c000 rw-p 00000000 00:00 0 
7f33ea99c000-7f33eab83000 r-xp 00000000 fd:00 2626753                    /lib/x86_64-linux-gnu/libc-2.27.so
7f33eab83000-7f33ead83000 ---p 001e7000 fd:00 2626753                    /lib/x86_64-linux-gnu/libc-2.27.so
7f33ead83000-7f33ead87000 r--p 001e7000 fd:00 2626753                    /lib/x86_64-linux-gnu/libc-2.27.so
7f33ead87000-7f33ead89000 rw-p 001eb000 fd:00 2626753                    /lib/x86_64-linux-gnu/libc-2.27.so
7f33ead89000-7f33ead8d000 rw-p 00000000 00:00 0 
7f33ead8d000-7f33ead90000 r-xp 00000000 fd:00 2626776                    /lib/x86_64-linux-gnu/libdl-2.27.so
7f33ead90000-7f33eaf8f000 ---p 00003000 fd:00 2626776                    /lib/x86_64-linux-gnu/libdl-2.27.so
7f33eaf8f000-7f33eaf90000 r--p 00002000 fd:00 2626776                    /lib/x86_64-linux-gnu/libdl-2.27.so
7f33eaf90000-7f33eaf91000 rw-p 00003000 fd:00 2626776                    /lib/x86_64-linux-gnu/libdl-2.27.so
7f33eaf91000-7f33eafa0000 r-xp 00000000 fd:00 1185620                    /home/aleksey/application/idea/jre64/lib/jli/libjli.so
7f33eafa0000-7f33eb19f000 ---p 0000f000 fd:00 1185620                    /home/aleksey/application/idea/jre64/lib/jli/libjli.so
7f33eb19f000-7f33eb1a0000 r--p 0000e000 fd:00 1185620                    /home/aleksey/application/idea/jre64/lib/jli/libjli.so
7f33eb1a0000-7f33eb1a1000 rw-p 0000f000 fd:00 1185620                    /home/aleksey/application/idea/jre64/lib/jli/libjli.so
7f33eb1a1000-7f33eb1bb000 r-xp 00000000 fd:00 2626886                    /lib/x86_64-linux-gnu/libpthread-2.27.so
7f33eb1bb000-7f33eb3ba000 ---p 0001a000 fd:00 2626886                    /lib/x86_64-linux-gnu/libpthread-2.27.so
7f33eb3ba000-7f33eb3bb000 r--p 00019000 fd:00 2626886                    /lib/x86_64-linux-gnu/libpthread-2.27.so
7f33eb3bb000-7f33eb3bc000 rw-p 0001a000 fd:00 2626886                    /lib/x86_64-linux-gnu/libpthread-2.27.so
7f33eb3bc000-7f33eb3c0000 rw-p 00000000 00:00 0 
7f33eb3c0000-7f33eb3dc000 r-xp 00000000 fd:00 2626925                    /lib/x86_64-linux-gnu/libz.so.1.2.11
7f33eb3dc000-7f33eb5db000 ---p 0001c000 fd:00 2626925                    /lib/x86_64-linux-gnu/libz.so.1.2.11
7f33eb5db000-7f33eb5dc000 r--p 0001b000 fd:00 2626925                    /lib/x86_64-linux-gnu/libz.so.1.2.11
7f33eb5dc000-7f33eb5dd000 rw-p 0001c000 fd:00 2626925                    /lib/x86_64-linux-gnu/libz.so.1.2.11
7f33eb5dd000-7f33eb604000 r-xp 00000000 fd:00 2626725                    /lib/x86_64-linux-gnu/ld-2.27.so
7f33eb69a000-7f33eb6e1000 rw-p 00000000 00:00 0 
7f33eb6e1000-7f33eb6ea000 ---p 00000000 00:00 0 
7f33eb6ea000-7f33eb6ee000 ---p 00000000 00:00 0 
7f33eb6ee000-7f33eb7ef000 rw-p 00000000 00:00 0 
7f33eb7fa000-7f33eb802000 rw-s 00000000 fd:00 3413030                    /tmp/hsperfdata_aleksey/21930
7f33eb802000-7f33eb803000 ---p 00000000 00:00 0 
7f33eb803000-7f33eb804000 r--p 00000000 00:00 0 
7f33eb804000-7f33eb805000 r--p 00027000 fd:00 2626725                    /lib/x86_64-linux-gnu/ld-2.27.so
7f33eb805000-7f33eb806000 rw-p 00028000 fd:00 2626725                    /lib/x86_64-linux-gnu/ld-2.27.so
7f33eb806000-7f33eb807000 rw-p 00000000 00:00 0 
7ffd77464000-7ffd77488000 rw-p 00000000 00:00 0                          [stack]
7ffd77489000-7ffd7748c000 r--p 00000000 00:00 0                          [vvar]
7ffd7748c000-7ffd7748e000 r-xp 00000000 00:00 0                          [vdso]
ffffffffff600000-ffffffffff601000 r-xp 00000000 00:00 0                  [vsyscall]


VM Arguments:
jvm_args: -XX:TieredStopAtLevel=1 -Xverify:none -Dspring.output.ansi.enabled=always -Dcom.sun.management.jmxremote -Dspring.jmx.enabled=true -Dspring.liveBeansView.mbeanDomain -Dspring.application.admin.enabled=true -javaagent:/home/aleksey/application/idea/lib/idea_rt.jar=42287:/home/aleksey/application/idea/bin -Dfile.encoding=UTF-8 
java_command: com.example.mail.MailApplication
java_class_path (initial): /home/aleksey/IdeaProjects/mail/build/classes/java/main:/home/aleksey/IdeaProjects/mail/build/resources/main:/home/aleksey/.gradle/caches/modules-2/files-2.1/org.projectlombok/lombok/1.18.8/448003bc1b234aac04b58e27d7755c12c3ec4236/lombok-1.18.8.jar:/home/aleksey/.gradle/caches/modules-2/files-2.1/org.springframework.boot/spring-boot-starter-data-jpa/2.1.5.RELEASE/f33f69b3744d07f832db6ab48eab227ccde9e922/spring-boot-starter-data-jpa-2.1.5.RELEASE.jar:/home/aleksey/.gradle/caches/modules-2/files-2.1/org.springframework.boot/spring-boot-starter-thymeleaf/2.1.5.RELEASE/44469b7bff6480f9c7fa40b338385acb88f9826/spring-boot-starter-thymeleaf-2.1.5.RELEASE.jar:/home/aleksey/.gradle/caches/modules-2/files-2.1/org.springframework.boot/spring-boot-starter-web/2.1.5.RELEASE/d46494b46a626cbd8f253066a2d7413412efc908/spring-boot-starter-web-2.1.5.RELEASE.jar:/home/aleksey/.gradle/caches/modules-2/files-2.1/org.springframework.boot/spring-boot-starter-aop/2.1.5.RELEASE/464cfb573009e724ea76ca404f106b1b19e759ff/spring-boot-starter-aop-2.1.5.RELEASE.jar:/home/aleksey/.gradle/caches/modules-2/files-2.1/org.springframework.boot/spring-boot-devtools/2.1.5.RELEASE/82da693e16b112f535e2cb2682a29b23f7378dd0/spring-boot-devtools-2.1.5.RELEASE.jar:/home/aleksey/.gradle/caches/modules-2/files-2.1/org.springframework.boot/spring-boot-starter-jdbc/2.1.5.RELEASE/6f187e708a47b0d37552a01292ce649a97a0059d/spring-boot-starter-jdbc-2.1.5.RELEASE.jar:/home/aleksey/.gradle/caches/modules-2/files-2.1/javax.transaction/javax.transaction-api/1.3/e006adf5cf3cca2181d16bd640ecb80148ec0fce/javax.transaction-api-1.3.jar:/home/aleksey/.gradle/caches/modules-2/files-2.1/com.h2database/h2/1.4.199/7bf08152984ed8859740ae3f97fae6c72771ae45/h2-1.4.199.jar:/home/aleksey/.gradle/caches/modules-2/files-2.1/javax.xml.bind/jaxb-api/2.3.1/8531ad5ac454cc2deb9d4d32c40c4d7451939b5d/jaxb-api-2.3.1.jar:/home/aleksey/.gradle/caches/modules-2/files-2.1/org.hibernate/hibernate-core/5.3.10.Final/e608b85432
Launcher Type: SUN_STANDARD

[Global flags]
     bool BytecodeVerificationLocal                = false                                     {product} {command line}
     bool BytecodeVerificationRemote               = false                                     {product} {command line}
     intx CICompilerCount                          = 3                                         {product} {ergonomic}
     uint ConcGCThreads                            = 1                                         {product} {ergonomic}
     uint G1ConcRefinementThreads                  = 4                                         {product} {ergonomic}
   size_t G1HeapRegionSize                         = 1048576                                   {product} {ergonomic}
    uintx GCDrainStackTargetSize                   = 64                                        {product} {ergonomic}
   size_t InitialHeapSize                          = 130023424                                 {product} {ergonomic}
     bool ManagementServer                         = true                                      {product} {command line}
   size_t MarkStackSize                            = 4194304                                   {product} {ergonomic}
   size_t MaxHeapSize                              = 2065694720                                {product} {ergonomic}
   size_t MinHeapDeltaBytes                        = 1048576                                   {product} {ergonomic}
    uintx NonNMethodCodeHeapSize                   = 6973028                                {pd product} {ergonomic}
    uintx NonProfiledCodeHeapSize                  = 244685212                              {pd product} {ergonomic}
    uintx ProfiledCodeHeapSize                     = 0                                      {pd product} {ergonomic}
    uintx ReservedCodeCacheSize                    = 251658240                              {pd product} {ergonomic}
     bool SegmentedCodeCache                       = true                                      {product} {ergonomic}
     intx TieredStopAtLevel                        = 1                                         {product} {command line}
     bool UseCompressedClassPointers               = true                                 {lp64_product} {ergonomic}
     bool UseCompressedOops                        = true                                 {lp64_product} {ergonomic}
     bool UseG1GC                                  = true                                      {product} {ergonomic}

Logging:
Log output configuration:
 #0: stdout all=warning uptime,level,tags
 #1: stderr all=off uptime,level,tags

Environment Variables:
PATH=/usr/local/sbin:/usr/local/bin:/usr/sbin:/usr/bin:/sbin:/bin:/usr/games:/usr/local/games:/snap/bin
USERNAME=aleksey
SHELL=/bin/bash
DISPLAY=:0

Signal Handlers:
SIGSEGV: [libjvm.so+0xd8cab0], sa_mask[0]=11111111011111111101111111111110, sa_flags=SA_RESTART|SA_SIGINFO
SIGBUS: [libjvm.so+0xd8cab0], sa_mask[0]=11111111011111111101111111111110, sa_flags=SA_RESTART|SA_SIGINFO
SIGFPE: [libjvm.so+0xd8cab0], sa_mask[0]=11111111011111111101111111111110, sa_flags=SA_RESTART|SA_SIGINFO
SIGPIPE: [libjvm.so+0xb8e900], sa_mask[0]=11111111011111111101111111111110, sa_flags=SA_RESTART|SA_SIGINFO
SIGXFSZ: [libjvm.so+0xb8e900], sa_mask[0]=11111111011111111101111111111110, sa_flags=SA_RESTART|SA_SIGINFO
SIGILL: [libjvm.so+0xd8cab0], sa_mask[0]=11111111011111111101111111111110, sa_flags=SA_RESTART|SA_SIGINFO
SIGUSR2: [libjvm.so+0xb8e7a0], sa_mask[0]=00100000000000000000000000000000, sa_flags=SA_RESTART|SA_SIGINFO
SIGHUP: SIG_DFL, sa_mask[0]=00000000000000000000000000000000, sa_flags=none
SIGINT: SIG_DFL, sa_mask[0]=00000000000000000000000000000000, sa_flags=none
SIGTERM: SIG_DFL, sa_mask[0]=00000000000000000000000000000000, sa_flags=none
SIGQUIT: SIG_DFL, sa_mask[0]=00000000000000000000000000000000, sa_flags=none


---------------  S Y S T E M  ---------------

OS:DISTRIB_ID=Ubuntu
DISTRIB_RELEASE=18.04
DISTRIB_CODENAME=bionic
DISTRIB_DESCRIPTION="Ubuntu 18.04.2 LTS"
uname:Linux 4.18.0-20-generic #21~18.04.1-Ubuntu SMP Wed May 8 08:43:37 UTC 2019 x86_64
libc:glibc 2.27 NPTL 2.27 
rlimit: STACK 8192k, CORE 0k, NPROC 31058, NOFILE 1048576, AS infinity, DATA infinity, FSIZE infinity
load average:7.21 5.03 2.74

/proc/meminfo:
MemTotal:        8061564 kB
MemFree:          118484 kB
MemAvailable:      37072 kB
Buffers:            7888 kB
Cached:           737196 kB
SwapCached:         2552 kB
Active:          6651924 kB
Inactive:         866156 kB
Active(anon):    6624724 kB
Inactive(anon):   827468 kB
Active(file):      27200 kB
Inactive(file):    38688 kB
Unevictable:         128 kB
Mlocked:             128 kB
SwapTotal:       1003516 kB
SwapFree:              0 kB
Dirty:               260 kB
Writeback:             0 kB
AnonPages:       6770804 kB
Mapped:           222588 kB
Shmem:            679388 kB
Slab:             140376 kB
SReclaimable:      48888 kB
SUnreclaim:        91488 kB
KernelStack:       25888 kB
PageTables:       140044 kB
NFS_Unstable:          0 kB
Bounce:                0 kB
WritebackTmp:          0 kB
CommitLimit:     5034296 kB
Committed_AS:   23299392 kB
VmallocTotal:   34359738367 kB
VmallocUsed:           0 kB
VmallocChunk:          0 kB
HardwareCorrupted:     0 kB
AnonHugePages:         0 kB
ShmemHugePages:        0 kB
ShmemPmdMapped:        0 kB
CmaTotal:              0 kB
CmaFree:               0 kB
HugePages_Total:       0
HugePages_Free:        0
HugePages_Rsvd:        0
HugePages_Surp:        0
Hugepagesize:       2048 kB
Hugetlb:               0 kB
DirectMap4k:      393980 kB
DirectMap2M:     7888896 kB


/proc/sys/kernel/threads-max (system-wide limit on the number of threads):
62117


/proc/sys/vm/max_map_count (maximum number of memory map areas a process may have):
65530


/proc/sys/kernel/pid_max (system-wide limit on number of process identifiers):
32768



container (cgroup) information:
container_type: cgroupv1
cpu_cpuset_cpus: 0-3
cpu_memory_nodes: 0
active_processor_count: 4
cpu_quota: -1
cpu_period: 100000
cpu_shares: -1
memory_limit_in_bytes: -1
memory_and_swap_limit_in_bytes: -2
memory_soft_limit_in_bytes: -1
memory_usage_in_bytes: 7697661952
memory_max_usage_in_bytes: 8376320


CPU:total 4 (initial active 4) (2 cores per cpu, 2 threads per core) family 6 model 58 stepping 9, cmov, cx8, fxsr, mmx, sse, sse2, sse3, ssse3, sse4.1, sse4.2, popcnt, avx, clmul, erms, ht, tsc, tscinvbit, tscinv
CPU Model and flags from /proc/cpuinfo:
model name	: Intel(R) Core(TM) i3-3217U CPU @ 1.80GHz
flags		: fpu vme de pse tsc msr pae mce cx8 apic sep mtrr pge mca cmov pat pse36 clflush dts acpi mmx fxsr sse sse2 ss ht tm pbe syscall nx rdtscp lm constant_tsc arch_perfmon pebs bts rep_good nopl xtopology nonstop_tsc cpuid aperfmperf pni pclmulqdq dtes64 monitor ds_cpl vmx est tm2 ssse3 cx16 xtpr pdcm pcid sse4_1 sse4_2 x2apic popcnt tsc_deadline_timer xsave avx f16c lahf_lm cpuid_fault epb pti ssbd ibrs ibpb stibp tpr_shadow vnmi flexpriority ept vpid fsgsbase smep erms xsaveopt dtherm ida arat pln pts md_clear flush_l1d

Memory: 4k page, physical 8061564k(118872k free), swap 1003516k(0k free)

vm_info: OpenJDK 64-Bit Server VM (11.0.2+9-b159.56) for linux-amd64 JRE (11.0.2+9-b159.56), built on Apr 30 2019 13:01:25 by "" with gcc 4.8.5 20150623 (Red Hat 4.8.5-28)

END.
